----------------------------------------------------------------
Thu Nov 25 14:11:42 IST 2021:
Booting Derby version The Apache Software Foundation - Apache Derby - 10.14.2.0 - (1828579): instance a816c00e-017d-5641-f1cb-000001edf800 
on database directory memory:C:\Users\hp\OneDrive\Documents\intellijWorkspaces\springBootApplication\jyoti\course-api\16e1be7f-e441-4100-bc37-66e4ba38c7e8 with class loader jdk.internal.loader.ClassLoaders$AppClassLoader@4cc77c2e 
Loaded from file:/C:/Users/hp/.m2/repository/org/apache/derby/derby/10.14.2.0/derby-10.14.2.0.jar
java.vendor=Oracle Corporation
java.runtime.version=16.0.2+7-67
user.dir=C:\Users\hp\OneDrive\Documents\intellijWorkspaces\springBootApplication\jyoti\course-api
os.name=Windows 10
os.arch=amd64
os.version=10.0
derby.system.home=null
Database Class Loader started - derby.database.classpath=''
----------------------------------------------------------------
Thu Nov 25 14:18:10 IST 2021:
Shutting down instance a816c00e-017d-5641-f1cb-000001edf800 on database directory memory:C:\Users\hp\OneDrive\Documents\intellijWorkspaces\springBootApplication\jyoti\course-api\16e1be7f-e441-4100-bc37-66e4ba38c7e8 with class loader jdk.internal.loader.ClassLoaders$AppClassLoader@4cc77c2e 
----------------------------------------------------------------
Thu Nov 25 14:18:12 IST 2021:
Booting Derby version The Apache Software Foundation - Apache Derby - 10.14.2.0 - (1828579): instance 292a80bc-017d-5641-f1cb-000001edf800 
on database directory memory:C:\Users\hp\OneDrive\Documents\intellijWorkspaces\springBootApplication\jyoti\course-api\220eaca6-48b7-4466-b800-2040165e0d58 with class loader jdk.internal.loader.ClassLoaders$AppClassLoader@4cc77c2e 
Loaded from file:/C:/Users/hp/.m2/repository/org/apache/derby/derby/10.14.2.0/derby-10.14.2.0.jar
java.vendor=Oracle Corporation
java.runtime.version=16.0.2+7-67
user.dir=C:\Users\hp\OneDrive\Documents\intellijWorkspaces\springBootApplication\jyoti\course-api
os.name=Windows 10
os.arch=amd64
os.version=10.0
derby.system.home=null
Database Class Loader started - derby.database.classpath=''
